I, [2018-12-08T16:41:54.773803 #6518]  INFO -- : 
Request: GET /tests/3
Parameters: {:id=>"3"}
Handler: TestsController#show
Response: 200 [text/html] 
I, [2018-12-08T16:48:56.885270 #6729]  INFO -- : 
Request: GET /tests/3
Parameters: {:id=>"3"}
Handler: TestsController#show
Response: 200 [text/html] 
I, [2018-12-08T16:48:59.671807 #6729]  INFO -- : 
Request: GET /tests
Parameters: {}
Handler: TestsController#index
Response: 200 [text/html] 
I, [2018-12-08T16:49:02.386900 #6729]  INFO -- : 
Request: GET /tests/1
Parameters: {:id=>"1"}
Handler: TestsController#show
Response: 200 [text/html] 
